<?xml version="1.0" encoding="UTF-8"?>
<testng-results ignored="0" total="1" passed="1" failed="0" skipped="0">
  <reporter-output>
    <line>
      <![CDATA[---DataBase connection establised---]]>
    </line>
    <line>
      <![CDATA[Browser got Launched]]>
    </line>
    <line>
      <![CDATA[Logged out Successfully]]>
    </line>
    <line>
      <![CDATA[Browser got closed Successfully]]>
    </line>
    <line>
      <![CDATA[---DataBase connection Disconnected---]]>
    </line>
  </reporter-output>
  <suite started-at="2025-04-03T11:09:00 IST" name="Default suite" finished-at="2025-04-03T11:09:34 IST" duration-ms="34160">
    <groups>
      <group name="smoke">
        <method signature="ToCreateContactwithOrganizationTest.toCreateContactwithOrganization_005()[pri:0, instance:contactTests.ToCreateContactwithOrganizationTest@1d296da]" name="toCreateContactwithOrganization_005" class="contactTests.ToCreateContactwithOrganizationTest"/>
      </group> <!-- smoke -->
    </groups>
    <test started-at="2025-04-03T11:09:00 IST" name="Default test" finished-at="2025-04-03T11:09:34 IST" duration-ms="34160">
      <class name="contactTests.ToCreateContactwithOrganizationTest">
        <test-method is-config="true" signature="beforeSuiteConfiguration()[pri:0, instance:contactTests.ToCreateContactwithOrganizationTest@1d296da]" started-at="2025-04-03T11:09:00 IST" name="beforeSuiteConfiguration" finished-at="2025-04-03T11:09:00 IST" duration-ms="9" status="PASS">
          <reporter-output>
            <line>
              <![CDATA[---DataBase connection establised---]]>
            </line>
          </reporter-output>
        </test-method> <!-- beforeSuiteConfiguration -->
        <test-method is-config="true" signature="beforeClassConfiguration()[pri:0, instance:contactTests.ToCreateContactwithOrganizationTest@1d296da]" started-at="2025-04-03T11:09:00 IST" name="beforeClassConfiguration" finished-at="2025-04-03T11:09:06 IST" duration-ms="6096" status="PASS">
          <reporter-output>
            <line>
              <![CDATA[Browser got Launched]]>
            </line>
          </reporter-output>
        </test-method> <!-- beforeClassConfiguration -->
        <test-method is-config="true" signature="beforeMethodConfiguration()[pri:0, instance:contactTests.ToCreateContactwithOrganizationTest@1d296da]" started-at="2025-04-03T11:09:06 IST" name="beforeMethodConfiguration" finished-at="2025-04-03T11:09:13 IST" duration-ms="7335" status="PASS">
          <reporter-output>
          </reporter-output>
        </test-method> <!-- beforeMethodConfiguration -->
        <test-method signature="toCreateContactwithOrganization_005()[pri:0, instance:contactTests.ToCreateContactwithOrganizationTest@1d296da]" started-at="2025-04-03T11:09:13 IST" name="toCreateContactwithOrganization_005" finished-at="2025-04-03T11:09:31 IST" duration-ms="17771" status="PASS">
          <reporter-output>
          </reporter-output>
        </test-method> <!-- toCreateContactwithOrganization_005 -->
        <test-method is-config="true" signature="afterMethodConfiguration()[pri:0, instance:contactTests.ToCreateContactwithOrganizationTest@1d296da]" started-at="2025-04-03T11:09:31 IST" name="afterMethodConfiguration" finished-at="2025-04-03T11:09:34 IST" duration-ms="2303" status="PASS">
          <reporter-output>
            <line>
              <![CDATA[Logged out Successfully]]>
            </line>
          </reporter-output>
        </test-method> <!-- afterMethodConfiguration -->
        <test-method is-config="true" signature="afterClassConfiguration()[pri:0, instance:contactTests.ToCreateContactwithOrganizationTest@1d296da]" started-at="2025-04-03T11:09:34 IST" name="afterClassConfiguration" finished-at="2025-04-03T11:09:34 IST" duration-ms="600" status="PASS">
          <reporter-output>
            <line>
              <![CDATA[Browser got closed Successfully]]>
            </line>
          </reporter-output>
        </test-method> <!-- afterClassConfiguration -->
        <test-method is-config="true" signature="afterSuiteConfiguration()[pri:0, instance:contactTests.ToCreateContactwithOrganizationTest@1d296da]" started-at="2025-04-03T11:09:34 IST" name="afterSuiteConfiguration" finished-at="2025-04-03T11:09:34 IST" duration-ms="0" status="PASS">
          <reporter-output>
            <line>
              <![CDATA[---DataBase connection Disconnected---]]>
            </line>
          </reporter-output>
        </test-method> <!-- afterSuiteConfiguration -->
      </class> <!-- contactTests.ToCreateContactwithOrganizationTest -->
    </test> <!-- Default test -->
  </suite> <!-- Default suite -->
</testng-results>
